# JRE version: OpenJDK Runtime Environment Corretto-17.0.9.8.1 (17.0.9+8) (build 17.0.9+8-LTS)
# Java VM: OpenJDK 64-Bit Server VM Corretto-17.0.9.8.1 (17.0.9+8-LTS, mixed mode, sharing, tiered, compressed oops, compressed class ptrs, g1 gc, windows-amd64)
GC Precious Log:
 CPUs: 8 total, 8 available
 Memory: 3406M
 Large Page Support: Disabled
 NUMA Support: Disabled
 Compressed Oops: Enabled (32-bit)
 Heap Region Size: 1M
 Heap Min Capacity: 256M
 Heap Initial Capacity: 256M
 Heap Max Capacity: 512M
 Pre-touch: Disabled
 Parallel Workers: 8
 Concurrent Workers: 2
 Concurrent Refinement Workers: 8
 Periodic GC: Disabled
Heap:
 garbage-first heap   total 262144K, used 201124K [0x00000000e0000000, 0x0000000100000000)
  region size 1024K, 61 young (62464K), 5 survivors (5120K)
 Metaspace       used 93154K, committed 93824K, reserved 458752K
  class space    used 12117K, committed 12416K, reserved 327680K
GC Heap History (20 events):
Event: 701.551 GC heap before
{Heap before GC invocations=42 (full 0):
 garbage-first heap   total 262144K, used 224253K [0x00000000e0000000, 0x0000000100000000)
  region size 1024K, 96 young (98304K), 6 survivors (6144K)
 Metaspace       used 93133K, committed 93760K, reserved 458752K
  class space    used 12117K, committed 12416K, reserved 327680K
}
Event: 701.560 GC heap after
{Heap after GC invocations=43 (full 0):
 garbage-first heap   total 262144K, used 134338K [0x00000000e0000000, 0x0000000100000000)
  region size 1024K, 7 young (7168K), 7 survivors (7168K)
 Metaspace       used 93133K, committed 93760K, reserved 458752K
  class space    used 12117K, committed 12416K, reserved 327680K
}
Event: 703.078 GC heap before
{Heap before GC invocations=44 (full 0):
 garbage-first heap   total 262144K, used 226498K [0x00000000e0000000, 0x0000000100000000)
  region size 1024K, 97 young (99328K), 7 survivors (7168K)
 Metaspace       used 93122K, committed 93760K, reserved 458752K
  class space    used 12114K, committed 12416K, reserved 327680K
}
Event: 703.105 GC heap after
{Heap after GC invocations=45 (full 0):
 garbage-first heap   total 262144K, used 137717K [0x00000000e0000000, 0x0000000100000000)
  region size 1024K, 11 young (11264K), 11 survivors (11264K)
 Metaspace       used 93122K, committed 93760K, reserved 458752K
  class space    used 12114K, committed 12416K, reserved 327680K
}
Event: 703.116 GC heap before
{Heap before GC invocations=45 (full 0):
 garbage-first heap   total 262144K, used 138741K [0x00000000e0000000, 0x0000000100000000)
  region size 1024K, 12 young (12288K), 11 survivors (11264K)
 Metaspace       used 93122K, committed 93760K, reserved 458752K
  class space    used 12114K, committed 12416K, reserved 327680K
}
Event: 703.221 GC heap after
{Heap after GC invocations=46 (full 0):
 garbage-first heap   total 262144K, used 136289K [0x00000000e0000000, 0x0000000100000000)
  region size 1024K, 2 young (2048K), 2 survivors (2048K)
 Metaspace       used 93122K, committed 93760K, reserved 458752K
  class space    used 12114K, committed 12416K, reserved 327680K
}
Event: 704.082 GC heap before
{Heap before GC invocations=46 (full 0):
 garbage-first heap   total 262144K, used 224353K [0x00000000e0000000, 0x0000000100000000)
  region size 1024K, 89 young (91136K), 2 survivors (2048K)
 Metaspace       used 93122K, committed 93760K, reserved 458752K
  class space    used 12114K, committed 12416K, reserved 327680K
}
Event: 704.087 GC heap after
{Heap after GC invocations=47 (full 0):
 garbage-first heap   total 262144K, used 136462K [0x00000000e0000000, 0x0000000100000000)
  region size 1024K, 2 young (2048K), 2 survivors (2048K)
 Metaspace       used 93122K, committed 93760K, reserved 458752K
  class space    used 12114K, committed 12416K, reserved 327680K
}
Event: 705.319 GC heap before
{Heap before GC invocations=47 (full 0):
 garbage-first heap   total 262144K, used 225550K [0x00000000e0000000, 0x0000000100000000)
  region size 1024K, 90 young (92160K), 2 survivors (2048K)
 Metaspace       used 93128K, committed 93760K, reserved 458752K
  class space    used 12115K, committed 12416K, reserved 327680K
}
Event: 705.326 GC heap after
{Heap after GC invocations=48 (full 0):
 garbage-first heap   total 262144K, used 137907K [0x00000000e0000000, 0x0000000100000000)
  region size 1024K, 4 young (4096K), 4 survivors (4096K)
 Metaspace       used 93128K, committed 93760K, reserved 458752K
  class space    used 12115K, committed 12416K, reserved 327680K
}
Event: 707.548 GC heap before
{Heap before GC invocations=48 (full 0):
 garbage-first heap   total 262144K, used 226995K [0x00000000e0000000, 0x0000000100000000)
  region size 1024K, 91 young (93184K), 4 survivors (4096K)
 Metaspace       used 93144K, committed 93824K, reserved 458752K
  class space    used 12116K, committed 12416K, reserved 327680K
}
Event: 707.566 GC heap after
{Heap after GC invocations=49 (full 0):
 garbage-first heap   total 262144K, used 141166K [0x00000000e0000000, 0x0000000100000000)
  region size 1024K, 7 young (7168K), 7 survivors (7168K)
 Metaspace       used 93144K, committed 93824K, reserved 458752K
  class space    used 12116K, committed 12416K, reserved 327680K
}
Event: 708.770 GC heap before
{Heap before GC invocations=49 (full 0):
 garbage-first heap   total 262144K, used 225134K [0x00000000e0000000, 0x0000000100000000)
  region size 1024K, 90 young (92160K), 7 survivors (7168K)
 Metaspace       used 93144K, committed 93824K, reserved 458752K
  class space    used 12116K, committed 12416K, reserved 327680K
}
Event: 708.793 GC heap after
{Heap after GC invocations=50 (full 0):
 garbage-first heap   total 262144K, used 142438K [0x00000000e0000000, 0x0000000100000000)
  region size 1024K, 7 young (7168K), 7 survivors (7168K)
 Metaspace       used 93144K, committed 93824K, reserved 458752K
  class space    used 12116K, committed 12416K, reserved 327680K
}
Event: 710.254 GC heap before
{Heap before GC invocations=50 (full 0):
 garbage-first heap   total 262144K, used 226406K [0x00000000e0000000, 0x0000000100000000)
  region size 1024K, 90 young (92160K), 7 survivors (7168K)
 Metaspace       used 93148K, committed 93824K, reserved 458752K
  class space    used 12116K, committed 12416K, reserved 327680K
}
Event: 710.268 GC heap after
{Heap after GC invocations=51 (full 0):
 garbage-first heap   total 262144K, used 143355K [0x00000000e0000000, 0x0000000100000000)
  region size 1024K, 8 young (8192K), 8 survivors (8192K)
 Metaspace       used 93148K, committed 93824K, reserved 458752K
  class space    used 12116K, committed 12416K, reserved 327680K
}
Event: 711.765 GC heap before
{Heap before GC invocations=51 (full 0):
 garbage-first heap   total 262144K, used 225275K [0x00000000e0000000, 0x0000000100000000)
  region size 1024K, 89 young (91136K), 8 survivors (8192K)
 Metaspace       used 93153K, committed 93824K, reserved 458752K
  class space    used 12117K, committed 12416K, reserved 327680K
}
Event: 711.791 GC heap after
{Heap after GC invocations=52 (full 0):
 garbage-first heap   total 262144K, used 144345K [0x00000000e0000000, 0x0000000100000000)
  region size 1024K, 7 young (7168K), 7 survivors (7168K)
 Metaspace       used 93153K, committed 93824K, reserved 458752K
  class space    used 12117K, committed 12416K, reserved 327680K
}
Event: 712.454 GC heap before
{Heap before GC invocations=52 (full 0):
 garbage-first heap   total 262144K, used 227289K [0x00000000e0000000, 0x0000000100000000)
  region size 1024K, 89 young (91136K), 7 survivors (7168K)
 Metaspace       used 93153K, committed 93824K, reserved 458752K
  class space    used 12117K, committed 12416K, reserved 327680K
}
Event: 712.486 GC heap after
{Heap after GC invocations=53 (full 0):
 garbage-first heap   total 262144K, used 144804K [0x00000000e0000000, 0x0000000100000000)
  region size 1024K, 5 young (5120K), 5 survivors (5120K)
 Metaspace       used 93153K, committed 93824K, reserved 458752K
  class space    used 12117K, committed 12416K, reserved 327680K
}

